<?xml version="1.0" encoding="UTF-8"?>
<testng-results ignored="0" total="1" passed="0" failed="0" skipped="1">
  <reporter-output>
  </reporter-output>
  <suite started-at="2023-10-14T16:43:54 IST" name="Default suite" finished-at="2023-10-14T16:43:54 IST" duration-ms="65">
    <groups>
    </groups>
    <test started-at="2023-10-14T16:43:54 IST" name="Default test" finished-at="2023-10-14T16:43:54 IST" duration-ms="65">
      <class name="com.crm.qa.cogmento.testcases.CalendarPageTest">
        <test-method is-config="true" signature="setUp()[pri:0, instance:com.crm.qa.cogmento.testcases.CalendarPageTest@4b2bac3f]" started-at="2023-10-14T16:43:54 IST" name="setUp" finished-at="2023-10-14T16:43:54 IST" duration-ms="8" status="FAIL">
          <exception class="java.lang.NullPointerException">
            <message>
              <![CDATA[inStream parameter is null]]>
            </message>
            <full-stacktrace>
              <![CDATA[java.lang.NullPointerException: inStream parameter is null
at java.base/java.util.Objects.requireNonNull(Objects.java:259)
at java.base/java.util.Properties.load(Properties.java:408)
at com.crm.dev.DriverManager.DriverManager.readPropertyFile(DriverManager.java:152)
at com.crm.dev.DriverManager.DriverManager.getInputProperty(DriverManager.java:160)
at com.crm.dev.DriverManager.DriverManager.openBrowser(DriverManager.java:112)
at com.crm.qa.cogmento.BaseTestSuite.BaseTestSuite.setUp(BaseTestSuite.java:16)
at java.base/jdk.internal.reflect.DirectMethodHandleAccessor.invoke(DirectMethodHandleAccessor.java:104)
at java.base/java.lang.reflect.Method.invoke(Method.java:578)
at org.testng.internal.invokers.MethodInvocationHelper.invokeMethod(MethodInvocationHelper.java:139)
at org.testng.internal.invokers.MethodInvocationHelper.invokeMethodConsideringTimeout(MethodInvocationHelper.java:69)
at org.testng.internal.invokers.ConfigInvoker.invokeConfigurationMethod(ConfigInvoker.java:390)
at org.testng.internal.invokers.ConfigInvoker.invokeConfigurations(ConfigInvoker.java:325)
at org.testng.internal.invokers.TestInvoker.runConfigMethods(TestInvoker.java:810)
at org.testng.internal.invokers.TestInvoker.invokeMethod(TestInvoker.java:577)
at org.testng.internal.invokers.TestInvoker.invokeTestMethod(TestInvoker.java:227)
at org.testng.internal.invokers.MethodRunner.runInSequence(MethodRunner.java:50)
at org.testng.internal.invokers.TestInvoker$MethodInvocationAgent.invoke(TestInvoker.java:957)
at org.testng.internal.invokers.TestInvoker.invokeTestMethods(TestInvoker.java:200)
at org.testng.internal.invokers.TestMethodWorker.invokeTestMethods(TestMethodWorker.java:148)
at org.testng.internal.invokers.TestMethodWorker.run(TestMethodWorker.java:128)
at java.base/java.util.ArrayList.forEach(ArrayList.java:1511)
at org.testng.TestRunner.privateRun(TestRunner.java:848)
at org.testng.TestRunner.run(TestRunner.java:621)
at org.testng.SuiteRunner.runTest(SuiteRunner.java:443)
at org.testng.SuiteRunner.runSequentially(SuiteRunner.java:437)
at org.testng.SuiteRunner.privateRun(SuiteRunner.java:397)
at org.testng.SuiteRunner.run(SuiteRunner.java:336)
at org.testng.SuiteRunnerWorker.runSuite(SuiteRunnerWorker.java:52)
at org.testng.SuiteRunnerWorker.run(SuiteRunnerWorker.java:95)
at org.testng.TestNG.runSuitesSequentially(TestNG.java:1280)
at org.testng.TestNG.runSuitesLocally(TestNG.java:1200)
at org.testng.TestNG.runSuites(TestNG.java:1114)
at org.testng.TestNG.run(TestNG.java:1082)
at org.testng.remote.AbstractRemoteTestNG.run(AbstractRemoteTestNG.java:115)
at org.testng.remote.RemoteTestNG.initAndRun(RemoteTestNG.java:251)
at org.testng.remote.RemoteTestNG.main(RemoteTestNG.java:77)
]]>
            </full-stacktrace>
          </exception> <!-- java.lang.NullPointerException -->
          <reporter-output>
          </reporter-output>
        </test-method> <!-- setUp -->
        <test-method signature="tc_cogmento_calendarpage_005()[pri:0, instance:com.crm.qa.cogmento.testcases.CalendarPageTest@4b2bac3f]" started-at="2023-10-14T16:43:54 IST" name="tc_cogmento_calendarpage_005" description="Verify all Headers are avaliable when user clicked on Calendar buttton" finished-at="2023-10-14T16:43:54 IST" duration-ms="0" status="SKIP">
          <exception class="java.lang.NullPointerException">
            <message>
              <![CDATA[inStream parameter is null]]>
            </message>
            <full-stacktrace>
              <![CDATA[java.lang.NullPointerException: inStream parameter is null
at java.base/java.util.Objects.requireNonNull(Objects.java:259)
at java.base/java.util.Properties.load(Properties.java:408)
at com.crm.dev.DriverManager.DriverManager.readPropertyFile(DriverManager.java:152)
at com.crm.dev.DriverManager.DriverManager.getInputProperty(DriverManager.java:160)
at com.crm.dev.DriverManager.DriverManager.openBrowser(DriverManager.java:112)
at com.crm.qa.cogmento.BaseTestSuite.BaseTestSuite.setUp(BaseTestSuite.java:16)
at java.base/jdk.internal.reflect.DirectMethodHandleAccessor.invoke(DirectMethodHandleAccessor.java:104)
at java.base/java.lang.reflect.Method.invoke(Method.java:578)
at org.testng.internal.invokers.MethodInvocationHelper.invokeMethod(MethodInvocationHelper.java:139)
at org.testng.internal.invokers.MethodInvocationHelper.invokeMethodConsideringTimeout(MethodInvocationHelper.java:69)
at org.testng.internal.invokers.ConfigInvoker.invokeConfigurationMethod(ConfigInvoker.java:390)
at org.testng.internal.invokers.ConfigInvoker.invokeConfigurations(ConfigInvoker.java:325)
at org.testng.internal.invokers.TestInvoker.runConfigMethods(TestInvoker.java:810)
at org.testng.internal.invokers.TestInvoker.invokeMethod(TestInvoker.java:577)
at org.testng.internal.invokers.TestInvoker.invokeTestMethod(TestInvoker.java:227)
at org.testng.internal.invokers.MethodRunner.runInSequence(MethodRunner.java:50)
at org.testng.internal.invokers.TestInvoker$MethodInvocationAgent.invoke(TestInvoker.java:957)
at org.testng.internal.invokers.TestInvoker.invokeTestMethods(TestInvoker.java:200)
at org.testng.internal.invokers.TestMethodWorker.invokeTestMethods(TestMethodWorker.java:148)
at org.testng.internal.invokers.TestMethodWorker.run(TestMethodWorker.java:128)
at java.base/java.util.ArrayList.forEach(ArrayList.java:1511)
at org.testng.TestRunner.privateRun(TestRunner.java:848)
at org.testng.TestRunner.run(TestRunner.java:621)
at org.testng.SuiteRunner.runTest(SuiteRunner.java:443)
at org.testng.SuiteRunner.runSequentially(SuiteRunner.java:437)
at org.testng.SuiteRunner.privateRun(SuiteRunner.java:397)
at org.testng.SuiteRunner.run(SuiteRunner.java:336)
at org.testng.SuiteRunnerWorker.runSuite(SuiteRunnerWorker.java:52)
at org.testng.SuiteRunnerWorker.run(SuiteRunnerWorker.java:95)
at org.testng.TestNG.runSuitesSequentially(TestNG.java:1280)
at org.testng.TestNG.runSuitesLocally(TestNG.java:1200)
at org.testng.TestNG.runSuites(TestNG.java:1114)
at org.testng.TestNG.run(TestNG.java:1082)
at org.testng.remote.AbstractRemoteTestNG.run(AbstractRemoteTestNG.java:115)
at org.testng.remote.RemoteTestNG.initAndRun(RemoteTestNG.java:251)
at org.testng.remote.RemoteTestNG.main(RemoteTestNG.java:77)
]]>
            </full-stacktrace>
          </exception> <!-- java.lang.NullPointerException -->
          <reporter-output>
          </reporter-output>
        </test-method> <!-- tc_cogmento_calendarpage_005 -->
        <test-method is-config="true" signature="tearDown()[pri:0, instance:com.crm.qa.cogmento.testcases.CalendarPageTest@4b2bac3f]" started-at="2023-10-14T16:43:54 IST" name="tearDown" finished-at="2023-10-14T16:43:54 IST" duration-ms="0" status="SKIP">
          <reporter-output>
          </reporter-output>
        </test-method> <!-- tearDown -->
      </class> <!-- com.crm.qa.cogmento.testcases.CalendarPageTest -->
    </test> <!-- Default test -->
  </suite> <!-- Default suite -->
</testng-results>
